
     |  0   - 0DV  |  1   - 1DV  |  2   |  3   |  4   |  5   |
--------------------------------------------------------------
 297 |             |             |      |      |      |      |   .LBB1_29:                               //   Parent Loop BB1_20 Depth=1
 298 |             |             |      |      |      |      |   //     Parent Loop BB1_22 Depth=2
 299 |             |             |      |      |      |      |   // =>    This Inner Loop Header: Depth=3
 300 |             |             |      | 1.00 | 1.00 |      |   ldp	q24, q25, [x9]
 301 | 0.50        | 0.50        |      |      |      |      |   fmul	v24.2d, v24.2d, v27.2d
 302 | 0.50        | 0.50        |      |      |      |      |   fmul	v25.2d, v25.2d, v27.2d
 303 |             |             |      | 1.00 | 1.00 | 2.00 |   stp	q24, q25, [x10]
 304 |             |             |      | 1.00 | 1.00 |      |   ldp	q24, q25, [x9, #32]
 305 | 0.50        | 0.50        |      |      |      |      |   fmul	v24.2d, v24.2d, v27.2d
 306 | 0.50        | 0.50        |      |      |      |      |   fmul	v25.2d, v25.2d, v27.2d
 307 |             |             |      | 1.00 | 1.00 | 2.00 |   stp	q24, q25, [x10, #32]
 308 |             |             |      | 1.00 | 1.00 |      |   ldp	q24, q25, [x9, #64]
 309 | 0.50        | 0.50        |      |      |      |      |   fmul	v24.2d, v24.2d, v27.2d
 310 | 0.50        | 0.50        |      |      |      |      |   fmul	v25.2d, v25.2d, v27.2d
 311 |             |             |      | 1.00 | 1.00 | 2.00 |   stp	q24, q25, [x10, #64]
 312 |             |             |      | 1.00 | 1.00 |      |   ldp	q0, q1, [x9, #-256]
 313 |             |             |      | 1.00 | 1.00 |      |   ldp	q24, q25, [x9, #96]
 314 |             |             |      | 1.00 | 1.00 |      |   ldp	q4, q5, [x9, #-224]
 315 | 0.50        | 0.50        |      |      |      |      |   fmul	v2.2d, v0.2d, v27.2d
 316 | 0.50        | 0.50        |      |      |      |      |   fmul	v3.2d, v1.2d, v27.2d
 317 |             |             |      | 1.00 | 1.00 | 2.00 |   stp	q2, q3, [x10, #-256]
 318 | 0.50        | 0.50        |      |      |      |      |   fmul	v0.2d, v4.2d, v27.2d
 319 | 0.50        | 0.50        |      |      |      |      |   fmul	v24.2d, v24.2d, v27.2d
 320 | 0.50        | 0.50        |      |      |      |      |   fmul	v25.2d, v25.2d, v27.2d
 321 |             |             |      | 1.00 | 1.00 | 2.00 |   stp	q24, q25, [x10, #96]
 322 | 0.50        | 0.50        |      |      |      |      |   fmul	v1.2d, v5.2d, v27.2d
 323 |             |             |      | 1.00 | 1.00 | 2.00 |   stp	q0, q1, [x10, #-224]
 324 |             |             |      | 1.00 | 1.00 |      |   ldp	q24, q2, [x9, #128]
 325 | 0.50        | 0.50        |      |      |      |      |   fmul	v3.2d, v24.2d, v27.2d
 326 | 0.50        | 0.50        |      |      |      |      |   fmul	v0.2d, v2.2d, v27.2d
 327 |             |             |      | 1.00 | 1.00 | 2.00 |   stp	q3, q0, [x10, #128]
 328 |             |             |      | 1.00 | 1.00 |      |   ldp	q0, q1, [x9, #160]
 329 | 0.50        | 0.50        |      |      |      |      |   fmul	v0.2d, v0.2d, v27.2d
 330 | 0.50        | 0.50        |      |      |      |      |   fmul	v1.2d, v1.2d, v27.2d
 331 |             |             |      | 1.00 | 1.00 | 2.00 |   stp	q0, q1, [x10, #160]
 332 |             |             |      | 1.00 | 1.00 |      |   ldp	q4, q5, [x9, #-192]
 333 |             |             |      | 1.00 | 1.00 |      |   ldp	q7, q16, [x9, #-160]
 334 | 0.50        | 0.50        |      |      |      |      |   fmul	v6.2d, v5.2d, v27.2d
 335 | 0.50        | 0.50        |      |      |      |      |   fmul	v5.2d, v7.2d, v27.2d
 336 | 0.50        | 0.50        |      |      |      |      |   fmul	v7.2d, v16.2d, v27.2d
 337 |             |             |      | 1.00 | 1.00 | 2.00 |   stp	q5, q7, [x10, #-160]
 338 |             |             |      | 1.00 | 1.00 |      |   ldp	q16, q17, [x9, #-128]
 339 |             |             |      | 1.00 | 1.00 |      |   ldp	q18, q19, [x9, #-96]
 340 |             |             |      | 1.00 | 1.00 |      |   ldp	q20, q21, [x9, #-64]
 341 |             |             |      | 1.00 | 1.00 |      |   ldp	q22, q23, [x9, #-32]
 342 |             |             |      | 1.00 | 1.00 |      |   ldp	q0, q1, [x9, #192]
 343 |             |             |      | 1.00 | 1.00 |      |   ldp	q2, q3, [x9, #224]
 344 | 0.50        | 0.50        |      |      |      |      |   fmul	v4.2d, v4.2d, v27.2d
 345 |             |             |      | 1.00 | 1.00 | 2.00 |   stp	q4, q6, [x10, #-192]
 346 | 0.50        | 0.50        |      |      |      |      |   fmul	v16.2d, v16.2d, v27.2d
 347 | 0.50        | 0.50        |      |      |      |      |   fmul	v17.2d, v17.2d, v27.2d
 348 |             |             |      | 1.00 | 1.00 | 2.00 |   stp	q16, q17, [x10, #-128]
 349 | 0.50        | 0.50        |      |      |      |      |   fmul	v18.2d, v18.2d, v27.2d
 350 | 0.50        | 0.50        |      |      |      |      |   fmul	v19.2d, v19.2d, v27.2d
 351 |             |             |      | 1.00 | 1.00 | 2.00 |   stp	q18, q19, [x10, #-96]
 352 | 0.50        | 0.50        |      |      |      |      |   fmul	v20.2d, v20.2d, v27.2d
 353 | 0.50        | 0.50        |      |      |      |      |   fmul	v21.2d, v21.2d, v27.2d
 354 |             |             |      | 1.00 | 1.00 | 2.00 |   stp	q20, q21, [x10, #-64]
 355 | 0.50        | 0.50        |      |      |      |      |   fmul	v22.2d, v22.2d, v27.2d
 356 | 0.50        | 0.50        |      |      |      |      |   fmul	v23.2d, v23.2d, v27.2d
 357 |             |             |      | 1.00 | 1.00 | 2.00 |   stp	q22, q23, [x10, #-32]
 358 | 0.33        | 0.33        | 0.33 |      |      |      |   add	x9, x9, #512            // =512
 359 | 0.33        | 0.33        | 0.33 |      |      |      |   add	x8, x8, #64             // =64
 360 | 0.50        | 0.50        |      |      |      |      |   fmul	v0.2d, v0.2d, v27.2d
 361 | 0.50        | 0.50        |      |      |      |      |   fmul	v1.2d, v1.2d, v27.2d
 362 |             |             |      | 1.00 | 1.00 | 2.00 |   stp	q0, q1, [x10, #192]
 363 | 0.50        | 0.50        |      |      |      |      |   fmul	v2.2d, v2.2d, v27.2d
 364 | 0.50        | 0.50        |      |      |      |      |   fmul	v3.2d, v3.2d, v27.2d
 365 |             |             |      | 1.00 | 1.00 | 2.00 |   stp	q2, q3, [x10, #224]
 366 | 0.33        | 0.33        | 0.33 |      |      |      |   add	x10, x10, #512          // =512
 367 | 0.33        | 0.33        | 0.33 |      |      |      |   adds	x11, x11, #8            // =8
 368 |             |             |      |      |      |      | X b.ne	.LBB1_29

       17.3          17.3          1.33   32.0   32.0   32.0  


------------------------
343 | 0.0 |X| ldp	q2, q3, [x9, #224]
363 | 6.0 | | fmul	v2.2d, v2.2d, v27.2d
365 | 0.0 |X| stp	q2, q3, [x10, #224]
