Open Source Architecture Code Analyzer (OSACA) - v0.3
Analyzed file:      sum_reduction.s.csx.s
Architecture:       csx
Timestamp:          2020-01-16 17:34:13

 P - Throughput of LOAD operation can be hidden behind a past or future STORE instruction
 * - Instruction micro-ops not bound to a port
 X - No throughput/latency information for this instruction in data file


Combined Analysis Report
------------------------
                                     Port pressure in cycles                                     
     |  0   - 0DV  |  1   |  2   -  2D  |  3   -  3D  |  4   |  5   |  6   |  7   ||  CP  | LCD  |
-------------------------------------------------------------------------------------------------
 414 |             |      |             |             |      |      |      |      ||      |      |   # LLVM-MCA-BEGIN
 415 |             |      |             |             |      |      |      |      ||      |      |   ..B1.38:                        # Preds ..B1.38 ..B1.37
 416 |             |      |             |             |      |      |      |      ||      |      |   # Execution count [2.22e+03]
 417 | 0.50        | 0.50 | 0.50   0.50 | 0.50   0.50 |      |      |      |      ||      |      |   vaddpd    (%r13,%rcx,8), %zmm3, %zmm1                   #77.5
 418 | 0.50        | 0.50 | 0.50   0.50 | 0.50   0.50 |      |      |      |      ||  8.0 |      |   vaddpd    64(%r13,%rcx,8), %zmm3, %zmm2                 #77.5
 419 |             |      | 0.50        | 0.50        | 1.00 |      |      |      ||      |      |   vmovupd   %zmm1, (%r13,%rcx,8)                          #77.5
 420 |             |      | 0.50        | 0.50        | 1.00 |      |      |      ||  0.0 |      |   vmovupd   %zmm2, 64(%r13,%rcx,8)                        #77.5
 421 | 0.00        | 0.00 |             |             |      | 0.50 | 0.50 |      ||      |  1.0 |   addq      $16, %rcx                                     #77.5
 422 | 0.00        | 0.00 |             |             |      | 0.50 | 0.50 |      ||      |      |   cmpq      %r15, %rcx                                    #77.5
 423 |             |      |             |             |      |      |      |      ||      |      | * jb        ..B1.38       # Prob 82%                      #77.5
 424 |             |      |             |             |      |      |      |      ||      |      |   # LLVM-MCA-END

       1.00          1.00   2.00   1.00   2.00   1.00   2.00   1.00   1.00           8.0    1.0  


Loop-Carried Dependencies Analysis Report
-----------------------------------------
 421 |  1.0 | addq      $16, %rcx                                     #77.5| [421]
